2024-10-16 16:39:45.006 INFO [main :c.a.n.c.u.ParamUtil] [settings] [req-serv] nacos-server port:8848
2024-10-16 16:39:45.007 INFO [main :c.a.n.c.u.ParamUtil] [settings] [http-client] connect timeout:1000
2024-10-16 16:39:45.008 INFO [main :c.a.n.c.u.ParamUtil] PER_TASK_CONFIG_SIZE: 3000.0
2024-10-16 16:39:45.036 INFO [main :c.a.n.c.i.CredentialWatcher] null No credential found
2024-10-16 16:40:06.493 INFO [main :c.a.n.c.u.ParamUtil] [settings] [req-serv] nacos-server port:8848
2024-10-16 16:40:06.493 INFO [main :c.a.n.c.u.ParamUtil] [settings] [http-client] connect timeout:1000
2024-10-16 16:40:06.494 INFO [main :c.a.n.c.u.ParamUtil] PER_TASK_CONFIG_SIZE: 3000.0
2024-10-16 16:40:06.517 INFO [main :c.a.n.c.i.CredentialWatcher] null No credential found
2024-10-16 16:40:23.620 INFO [main :c.a.n.c.u.ParamUtil] [settings] [req-serv] nacos-server port:8848
2024-10-16 16:40:23.620 INFO [main :c.a.n.c.u.ParamUtil] [settings] [http-client] connect timeout:1000
2024-10-16 16:40:23.621 INFO [main :c.a.n.c.u.ParamUtil] PER_TASK_CONFIG_SIZE: 3000.0
2024-10-16 16:40:23.640 INFO [main :c.a.n.c.i.CredentialWatcher] null No credential found
2024-10-16 16:55:46.062 INFO [SpringContextShutdownHook:c.a.n.c.i.CredentialWatcher] [null] CredentialWatcher is stopped
2024-10-16 16:55:46.062 INFO [SpringContextShutdownHook:c.a.n.c.i.CredentialService] [null] CredentialService is freed
2024-10-16 16:55:48.183 INFO [SpringContextShutdownHook:c.a.n.c.i.CredentialWatcher] [null] CredentialWatcher is stopped
2024-10-16 16:55:48.183 INFO [SpringContextShutdownHook:c.a.n.c.i.CredentialService] [null] CredentialService is freed
2024-10-16 16:57:21.127 INFO [main :c.a.n.c.u.ParamUtil] [settings] [req-serv] nacos-server port:8848
2024-10-16 16:57:21.128 INFO [main :c.a.n.c.u.ParamUtil] [settings] [http-client] connect timeout:1000
2024-10-16 16:57:21.128 INFO [main :c.a.n.c.u.ParamUtil] PER_TASK_CONFIG_SIZE: 3000.0
2024-10-16 16:57:21.150 INFO [main :c.a.n.c.i.CredentialWatcher] null No credential found
2024-10-16 16:57:27.679 INFO [main :c.a.n.c.u.ParamUtil] [settings] [req-serv] nacos-server port:8848
2024-10-16 16:57:27.680 INFO [main :c.a.n.c.u.ParamUtil] [settings] [http-client] connect timeout:1000
2024-10-16 16:57:27.680 INFO [main :c.a.n.c.u.ParamUtil] PER_TASK_CONFIG_SIZE: 3000.0
2024-10-16 16:57:27.701 INFO [main :c.a.n.c.i.CredentialWatcher] null No credential found
2024-10-16 16:57:40.565 INFO [main :c.a.n.c.u.ParamUtil] [settings] [req-serv] nacos-server port:8848
2024-10-16 16:57:40.566 INFO [main :c.a.n.c.u.ParamUtil] [settings] [http-client] connect timeout:1000
2024-10-16 16:57:40.567 INFO [main :c.a.n.c.u.ParamUtil] PER_TASK_CONFIG_SIZE: 3000.0
2024-10-16 16:57:40.599 INFO [main :c.a.n.c.i.CredentialWatcher] null No credential found
2024-10-16 17:05:01.619 INFO [SpringContextShutdownHook:c.a.n.c.i.CredentialWatcher] [null] CredentialWatcher is stopped
2024-10-16 17:05:01.620 INFO [SpringContextShutdownHook:c.a.n.c.i.CredentialService] [null] CredentialService is freed
2024-10-16 17:05:09.463 INFO [main :c.a.n.c.u.ParamUtil] [settings] [req-serv] nacos-server port:8848
2024-10-16 17:05:09.466 INFO [main :c.a.n.c.u.ParamUtil] [settings] [http-client] connect timeout:1000
2024-10-16 17:05:09.470 INFO [main :c.a.n.c.u.ParamUtil] PER_TASK_CONFIG_SIZE: 3000.0
2024-10-16 17:05:09.499 INFO [main :c.a.n.c.i.CredentialWatcher] null No credential found
2024-10-16 17:11:21.092 INFO [SpringContextShutdownHook:c.a.n.c.i.CredentialWatcher] [null] CredentialWatcher is stopped
2024-10-16 17:11:21.092 INFO [SpringContextShutdownHook:c.a.n.c.i.CredentialService] [null] CredentialService is freed
2024-10-16 17:11:26.954 INFO [main :c.a.n.c.u.ParamUtil] [settings] [req-serv] nacos-server port:8848
2024-10-16 17:11:26.955 INFO [main :c.a.n.c.u.ParamUtil] [settings] [http-client] connect timeout:1000
2024-10-16 17:11:26.955 INFO [main :c.a.n.c.u.ParamUtil] PER_TASK_CONFIG_SIZE: 3000.0
2024-10-16 17:11:26.982 INFO [main :c.a.n.c.i.CredentialWatcher] null No credential found
2024-10-16 17:14:07.757 INFO [SpringContextShutdownHook:c.a.n.c.i.CredentialWatcher] [null] CredentialWatcher is stopped
2024-10-16 17:14:07.757 INFO [SpringContextShutdownHook:c.a.n.c.i.CredentialService] [null] CredentialService is freed
2024-10-16 17:14:13.510 INFO [main :c.a.n.c.u.ParamUtil] [settings] [req-serv] nacos-server port:8848
2024-10-16 17:14:13.510 INFO [main :c.a.n.c.u.ParamUtil] [settings] [http-client] connect timeout:1000
2024-10-16 17:14:13.511 INFO [main :c.a.n.c.u.ParamUtil] PER_TASK_CONFIG_SIZE: 3000.0
2024-10-16 17:14:13.534 INFO [main :c.a.n.c.i.CredentialWatcher] null No credential found
2024-10-16 17:17:05.603 INFO [SpringContextShutdownHook:c.a.n.c.i.CredentialWatcher] [null] CredentialWatcher is stopped
2024-10-16 17:17:05.603 INFO [SpringContextShutdownHook:c.a.n.c.i.CredentialService] [null] CredentialService is freed
2024-10-16 17:17:05.664 INFO [SpringContextShutdownHook:c.a.n.c.i.CredentialWatcher] [null] CredentialWatcher is stopped
2024-10-16 17:17:05.665 INFO [SpringContextShutdownHook:c.a.n.c.i.CredentialService] [null] CredentialService is freed
2024-10-16 17:17:05.696 INFO [SpringContextShutdownHook:c.a.n.c.i.CredentialWatcher] [null] CredentialWatcher is stopped
2024-10-16 17:17:05.697 INFO [SpringContextShutdownHook:c.a.n.c.i.CredentialService] [null] CredentialService is freed
2024-10-16 17:19:36.959 INFO [main :c.a.n.c.u.ParamUtil] [settings] [req-serv] nacos-server port:8848
2024-10-16 17:19:36.961 INFO [main :c.a.n.c.u.ParamUtil] [settings] [http-client] connect timeout:1000
2024-10-16 17:19:36.962 INFO [main :c.a.n.c.u.ParamUtil] PER_TASK_CONFIG_SIZE: 3000.0
2024-10-16 17:19:36.990 INFO [main :c.a.n.c.i.CredentialWatcher] null No credential found
2024-10-16 17:19:46.207 INFO [main :c.a.n.c.u.ParamUtil] [settings] [req-serv] nacos-server port:8848
2024-10-16 17:19:46.208 INFO [main :c.a.n.c.u.ParamUtil] [settings] [http-client] connect timeout:1000
2024-10-16 17:19:46.209 INFO [main :c.a.n.c.u.ParamUtil] PER_TASK_CONFIG_SIZE: 3000.0
2024-10-16 17:19:46.234 INFO [main :c.a.n.c.i.CredentialWatcher] null No credential found
2024-10-16 17:19:57.352 INFO [main :c.a.n.c.u.ParamUtil] [settings] [req-serv] nacos-server port:8848
2024-10-16 17:19:57.352 INFO [main :c.a.n.c.u.ParamUtil] [settings] [http-client] connect timeout:1000
2024-10-16 17:19:57.353 INFO [main :c.a.n.c.u.ParamUtil] PER_TASK_CONFIG_SIZE: 3000.0
2024-10-16 17:19:57.377 INFO [main :c.a.n.c.i.CredentialWatcher] null No credential found
2024-10-16 17:21:08.177 INFO [main :c.a.n.c.u.ParamUtil] [settings] [req-serv] nacos-server port:8848
2024-10-16 17:21:08.178 INFO [main :c.a.n.c.u.ParamUtil] [settings] [http-client] connect timeout:1000
2024-10-16 17:21:08.178 INFO [main :c.a.n.c.u.ParamUtil] PER_TASK_CONFIG_SIZE: 3000.0
2024-10-16 17:21:08.207 INFO [main :c.a.n.c.i.CredentialWatcher] null No credential found
2024-10-16 17:42:39.177 INFO [SpringContextShutdownHook:c.a.n.c.i.CredentialWatcher] [null] CredentialWatcher is stopped
2024-10-16 17:42:39.177 INFO [SpringContextShutdownHook:c.a.n.c.i.CredentialService] [null] CredentialService is freed
2024-10-16 17:42:48.688 INFO [main :c.a.n.c.u.ParamUtil] [settings] [req-serv] nacos-server port:8848
2024-10-16 17:42:48.689 INFO [main :c.a.n.c.u.ParamUtil] [settings] [http-client] connect timeout:1000
2024-10-16 17:42:48.690 INFO [main :c.a.n.c.u.ParamUtil] PER_TASK_CONFIG_SIZE: 3000.0
2024-10-16 17:42:48.711 INFO [main :c.a.n.c.i.CredentialWatcher] null No credential found
2024-10-16 17:48:53.092 INFO [SpringContextShutdownHook:c.a.n.c.i.CredentialWatcher] [null] CredentialWatcher is stopped
2024-10-16 17:48:53.092 INFO [SpringContextShutdownHook:c.a.n.c.i.CredentialService] [null] CredentialService is freed
2024-10-16 17:48:55.910 INFO [SpringContextShutdownHook:c.a.n.c.i.CredentialWatcher] [null] CredentialWatcher is stopped
2024-10-16 17:48:55.911 INFO [SpringContextShutdownHook:c.a.n.c.i.CredentialService] [null] CredentialService is freed
2024-10-16 17:57:01.660 INFO [SpringContextShutdownHook:c.a.n.c.i.CredentialWatcher] [null] CredentialWatcher is stopped
2024-10-16 17:57:01.660 INFO [SpringContextShutdownHook:c.a.n.c.i.CredentialService] [null] CredentialService is freed
2024-10-16 17:57:07.180 INFO [SpringContextShutdownHook:c.a.n.c.i.CredentialWatcher] [null] CredentialWatcher is stopped
2024-10-16 17:57:07.181 INFO [SpringContextShutdownHook:c.a.n.c.i.CredentialService] [null] CredentialService is freed
2024-10-16 20:45:38.161 INFO [main :c.a.n.c.u.ParamUtil] [settings] [req-serv] nacos-server port:8848
2024-10-16 20:45:38.162 INFO [main :c.a.n.c.u.ParamUtil] [settings] [http-client] connect timeout:1000
2024-10-16 20:45:38.163 INFO [main :c.a.n.c.u.ParamUtil] PER_TASK_CONFIG_SIZE: 3000.0
2024-10-16 20:45:38.198 INFO [main :c.a.n.c.i.CredentialWatcher] null No credential found
2024-10-16 20:45:59.792 INFO [main :c.a.n.c.i.CredentialWatcher] [null] CredentialWatcher is stopped
2024-10-16 20:45:59.792 INFO [main :c.a.n.c.i.CredentialService] [null] CredentialService is freed
2024-10-16 22:24:17.478 INFO [main :c.a.n.c.u.ParamUtil] [settings] [req-serv] nacos-server port:8848
2024-10-16 22:24:17.485 INFO [main :c.a.n.c.u.ParamUtil] [settings] [http-client] connect timeout:1000
2024-10-16 22:24:17.488 INFO [main :c.a.n.c.u.ParamUtil] PER_TASK_CONFIG_SIZE: 3000.0
2024-10-16 22:24:17.523 INFO [main :c.a.n.c.i.CredentialWatcher] null No credential found
2024-10-16 22:24:43.251 INFO [SpringContextShutdownHook:c.a.n.c.i.CredentialWatcher] [null] CredentialWatcher is stopped
2024-10-16 22:24:43.252 INFO [SpringContextShutdownHook:c.a.n.c.i.CredentialService] [null] CredentialService is freed
2024-10-16 22:25:33.289 INFO [main :c.a.n.c.u.ParamUtil] [settings] [req-serv] nacos-server port:8848
2024-10-16 22:25:33.290 INFO [main :c.a.n.c.u.ParamUtil] [settings] [http-client] connect timeout:1000
2024-10-16 22:25:33.291 INFO [main :c.a.n.c.u.ParamUtil] PER_TASK_CONFIG_SIZE: 3000.0
2024-10-16 22:25:33.396 INFO [main :c.a.n.c.i.CredentialWatcher] null No credential found
2024-10-16 23:25:41.781 INFO [SpringContextShutdownHook:c.a.n.c.i.CredentialWatcher] [null] CredentialWatcher is stopped
2024-10-16 23:25:41.781 INFO [SpringContextShutdownHook:c.a.n.c.i.CredentialService] [null] CredentialService is freed
